<?xml version="1.0" encoding="UTF-8"?>
<!-- Generated by org.testng.reporters.JUnitReportReporter -->
<testsuite hostname="DESKTOP-FJVA950" name="POMDemo.LoginTest" tests="1" failures="0" timestamp="31 Jan 2021 04:19:41 GMT" time="16.141" errors="0">
  <testcase name="validLogin" time="16.141" classname="POMDemo.LoginTest"/>
</testsuite> <!-- POMDemo.LoginTest -->
