<?xml version="1.0" encoding="UTF-8"?>
<!-- Generated by org.testng.reporters.JUnitReportReporter -->
<testsuite hostname="DESKTOP-FJVA950" name="POMDemo.DashBoardTest" tests="2" failures="0" timestamp="31 Jan 2021 06:15:47 GMT" time="28.032" errors="0">
  <testcase name="AllcoursesName" time="12.852" classname="POMDemo.DashBoardTest"/>
  <testcase name="validLogin" time="15.180" classname="POMDemo.DashBoardTest"/>
</testsuite> <!-- POMDemo.DashBoardTest -->
